# JRE version: Java(TM) SE Runtime Environment (8.0_411) (build 1.8.0_411-b09)
# Java VM: Java HotSpot(TM) 64-Bit Server VM (25.411-b09 mixed mode windows-amd64 compressed oops)
Heap:
 PSYoungGen      total 151552K, used 111896K [0x0000000716b80000, 0x0000000721480000, 0x00000007c0000000)
  eden space 130048K, 69% used [0x0000000716b80000,0x000000071c3cd0f0,0x000000071ea80000)
  from space 21504K, 99% used [0x000000071ea80000,0x000000071ff790d0,0x000000071ff80000)
  to   space 21504K, 0% used [0x000000071ff80000,0x000000071ff80000,0x0000000721480000)
 ParOldGen       total 347136K, used 36723K [0x00000005c4200000, 0x00000005d9500000, 0x0000000716b80000)
  object space 347136K, 10% used [0x00000005c4200000,0x00000005c65dcf38,0x00000005d9500000)
 Metaspace       used 19198K, capacity 20096K, committed 20352K, reserved 1067008K
  class space    used 2259K, capacity 2619K, committed 2688K, reserved 1048576K
GC Heap History (6 events):
Event: 0.955 GC heap before
{Heap before GC invocations=1 (full 0):
 PSYoungGen      total 151552K, used 130048K [0x0000000716b80000, 0x0000000721480000, 0x00000007c0000000)
  eden space 130048K, 100% used [0x0000000716b80000,0x000000071ea80000,0x000000071ea80000)
  from space 21504K, 0% used [0x000000071ff80000,0x000000071ff80000,0x0000000721480000)
  to   space 21504K, 0% used [0x000000071ea80000,0x000000071ea80000,0x000000071ff80000)
 ParOldGen       total 347136K, used 0K [0x00000005c4200000, 0x00000005d9500000, 0x0000000716b80000)
  object space 347136K, 0% used [0x00000005c4200000,0x00000005c4200000,0x00000005d9500000)
 Metaspace       used 9330K, capacity 9500K, committed 9600K, reserved 1058816K
  class space    used 1043K, capacity 1120K, committed 1152K, reserved 1048576K
Event: 0.961 GC heap after
Heap after GC invocations=1 (full 0):
 PSYoungGen      total 151552K, used 20993K [0x0000000716b80000, 0x0000000721480000, 0x00000007c0000000)
  eden space 130048K, 0% used [0x0000000716b80000,0x0000000716b80000,0x000000071ea80000)
  from space 21504K, 97% used [0x000000071ea80000,0x000000071ff00730,0x000000071ff80000)
  to   space 21504K, 0% used [0x000000071ff80000,0x000000071ff80000,0x0000000721480000)
 ParOldGen       total 347136K, used 80K [0x00000005c4200000, 0x00000005d9500000, 0x0000000716b80000)
  object space 347136K, 0% used [0x00000005c4200000,0x00000005c4214010,0x00000005d9500000)
 Metaspace       used 9330K, capacity 9500K, committed 9600K, reserved 1058816K
  class space    used 1043K, capacity 1120K, committed 1152K, reserved 1048576K
}
Event: 1.727 GC heap before
{Heap before GC invocations=2 (full 0):
 PSYoungGen      total 151552K, used 151041K [0x0000000716b80000, 0x0000000721480000, 0x00000007c0000000)
  eden space 130048K, 100% used [0x0000000716b80000,0x000000071ea80000,0x000000071ea80000)
  from space 21504K, 97% used [0x000000071ea80000,0x000000071ff00730,0x000000071ff80000)
  to   space 21504K, 0% used [0x000000071ff80000,0x000000071ff80000,0x0000000721480000)
 ParOldGen       total 347136K, used 80K [0x00000005c4200000, 0x00000005d9500000, 0x0000000716b80000)
  object space 347136K, 0% used [0x00000005c4200000,0x00000005c4214010,0x00000005d9500000)
 Metaspace       used 17225K, capacity 17724K, committed 18048K, reserved 1064960K
  class space    used 2073K, capacity 2323K, committed 2432K, reserved 1048576K
Event: 1.739 GC heap after
Heap after GC invocations=2 (full 0):
 PSYoungGen      total 151552K, used 21484K [0x0000000716b80000, 0x0000000729380000, 0x00000007c0000000)
  eden space 130048K, 0% used [0x0000000716b80000,0x0000000716b80000,0x000000071ea80000)
  from space 21504K, 99% used [0x000000071ff80000,0x000000072147b130,0x0000000721480000)
  to   space 21504K, 0% used [0x000000071ea80000,0x000000071ea80000,0x000000071ff80000)
 ParOldGen       total 347136K, used 19665K [0x00000005c4200000, 0x00000005d9500000, 0x0000000716b80000)
  object space 347136K, 5% used [0x00000005c4200000,0x00000005c55344e8,0x00000005d9500000)
 Metaspace       used 17225K, capacity 17724K, committed 18048K, reserved 1064960K
  class space    used 2073K, capacity 2323K, committed 2432K, reserved 1048576K
}
Event: 92.541 GC heap before
{Heap before GC invocations=3 (full 0):
 PSYoungGen      total 151552K, used 151532K [0x0000000716b80000, 0x0000000729380000, 0x00000007c0000000)
  eden space 130048K, 100% used [0x0000000716b80000,0x000000071ea80000,0x000000071ea80000)
  from space 21504K, 99% used [0x000000071ff80000,0x000000072147b130,0x0000000721480000)
  to   space 21504K, 0% used [0x000000071ea80000,0x000000071ea80000,0x000000071ff80000)
 ParOldGen       total 347136K, used 19665K [0x00000005c4200000, 0x00000005d9500000, 0x0000000716b80000)
  object space 347136K, 5% used [0x00000005c4200000,0x00000005c55344e8,0x00000005d9500000)
 Metaspace       used 18870K, capacity 19632K, committed 19840K, reserved 1067008K
  class space    used 2238K, capacity 2591K, committed 2688K, reserved 1048576K
Event: 92.563 GC heap after
Heap after GC invocations=3 (full 0):
 PSYoungGen      total 151552K, used 21476K [0x0000000716b80000, 0x0000000721480000, 0x00000007c0000000)
  eden space 130048K, 0% used [0x0000000716b80000,0x0000000716b80000,0x000000071ea80000)
  from space 21504K, 99% used [0x000000071ea80000,0x000000071ff790d0,0x000000071ff80000)
  to   space 21504K, 0% used [0x000000071ff80000,0x000000071ff80000,0x0000000721480000)
 ParOldGen       total 347136K, used 36723K [0x00000005c4200000, 0x00000005d9500000, 0x0000000716b80000)
  object space 347136K, 10% used [0x00000005c4200000,0x00000005c65dcf38,0x00000005d9500000)
 Metaspace       used 18870K, capacity 19632K, committed 19840K, reserved 1067008K
  class space    used 2238K, capacity 2591K, committed 2688K, reserved 1048576K
}

