# JRE version: Java(TM) SE Runtime Environment (8.0_65-b17) (build 1.8.0_65-b17)
# Java VM: Java HotSpot(TM) Client VM (25.65-b01 mixed mode windows-x86 )
Heap:
 def new generation   total 33600K, used 18483K [0x05400000, 0x07870000, 0x0a950000)
  eden space 29888K,  52% used [0x05400000, 0x06360df8, 0x07130000)
  from space 3712K,  73% used [0x07130000, 0x073dbf10, 0x074d0000)
  to   space 3712K,   0% used [0x074d0000, 0x074d0000, 0x07870000)
 tenured generation   total 74472K, used 64966K [0x0a950000, 0x0f20a000, 0x15400000)
   the space 74472K,  87% used [0x0a950000, 0x0e8c1b48, 0x0e8c1c00, 0x0f20a000)
 Metaspace       used 13835K, capacity 15359K, committed 15360K, reserved 15744K
GC Heap History (10 events):
Event: 834.416 GC heap before
{Heap before GC invocations=177 (full 4):
 def new generation   total 33600K, used 31940K [0x05400000, 0x07870000, 0x0a950000)
  eden space 29888K, 100% used [0x05400000, 0x07130000, 0x07130000)
  from space 3712K,  55% used [0x074d0000, 0x076d1070, 0x07870000)
  to   space 3712K,   0% used [0x07130000, 0x07130000, 0x074d0000)
 tenured generation   total 74472K, used 63195K [0x0a950000, 0x0f20a000, 0x15400000)
   the space 74472K,  84% used [0x0a950000, 0x0e706f90, 0x0e707000, 0x0f20a000)
 Metaspace       used 13798K, capacity 15327K, committed 15360K, reserved 15744K
Event: 834.419 GC heap after
Heap after GC invocations=178 (full 4):
 def new generation   total 33600K, used 1375K [0x05400000, 0x07870000, 0x0a950000)
  eden space 29888K,   0% used [0x05400000, 0x05400000, 0x07130000)
  from space 3712K,  37% used [0x07130000, 0x07287ee8, 0x074d0000)
  to   space 3712K,   0% used [0x074d0000, 0x074d0000, 0x07870000)
 tenured generation   total 74472K, used 64020K [0x0a950000, 0x0f20a000, 0x15400000)
   the space 74472K,  85% used [0x0a950000, 0x0e7d5290, 0x0e7d5400, 0x0f20a000)
 Metaspace       used 13798K, capacity 15327K, committed 15360K, reserved 15744K
}
Event: 842.614 GC heap before
{Heap before GC invocations=178 (full 4):
 def new generation   total 33600K, used 31263K [0x05400000, 0x07870000, 0x0a950000)
  eden space 29888K, 100% used [0x05400000, 0x07130000, 0x07130000)
  from space 3712K,  37% used [0x07130000, 0x07287ee8, 0x074d0000)
  to   space 3712K,   0% used [0x074d0000, 0x074d0000, 0x07870000)
 tenured generation   total 74472K, used 64020K [0x0a950000, 0x0f20a000, 0x15400000)
   the space 74472K,  85% used [0x0a950000, 0x0e7d5290, 0x0e7d5400, 0x0f20a000)
 Metaspace       used 13798K, capacity 15327K, committed 15360K, reserved 15744K
Event: 842.617 GC heap after
Heap after GC invocations=179 (full 4):
 def new generation   total 33600K, used 1381K [0x05400000, 0x07870000, 0x0a950000)
  eden space 29888K,   0% used [0x05400000, 0x05400000, 0x07130000)
  from space 3712K,  37% used [0x074d0000, 0x07629798, 0x07870000)
  to   space 3712K,   0% used [0x07130000, 0x07130000, 0x074d0000)
 tenured generation   total 74472K, used 64020K [0x0a950000, 0x0f20a000, 0x15400000)
   the space 74472K,  85% used [0x0a950000, 0x0e7d5290, 0x0e7d5400, 0x0f20a000)
 Metaspace       used 13798K, capacity 15327K, committed 15360K, reserved 15744K
}
Event: 3208.640 GC heap before
{Heap before GC invocations=179 (full 4):
 def new generation   total 33600K, used 31269K [0x05400000, 0x07870000, 0x0a950000)
  eden space 29888K, 100% used [0x05400000, 0x07130000, 0x07130000)
  from space 3712K,  37% used [0x074d0000, 0x07629798, 0x07870000)
  to   space 3712K,   0% used [0x07130000, 0x07130000, 0x074d0000)
 tenured generation   total 74472K, used 64020K [0x0a950000, 0x0f20a000, 0x15400000)
   the space 74472K,  85% used [0x0a950000, 0x0e7d5290, 0x0e7d5400, 0x0f20a000)
 Metaspace       used 13798K, capacity 15327K, committed 15360K, reserved 15744K
Event: 3208.645 GC heap after
Heap after GC invocations=180 (full 4):
 def new generation   total 33600K, used 2011K [0x05400000, 0x07870000, 0x0a950000)
  eden space 29888K,   0% used [0x05400000, 0x05400000, 0x07130000)
  from space 3712K,  54% used [0x07130000, 0x07326db0, 0x074d0000)
  to   space 3712K,   0% used [0x074d0000, 0x074d0000, 0x07870000)
 tenured generation   total 74472K, used 64020K [0x0a950000, 0x0f20a000, 0x15400000)
   the space 74472K,  85% used [0x0a950000, 0x0e7d5290, 0x0e7d5400, 0x0f20a000)
 Metaspace       used 13798K, capacity 15327K, committed 15360K, reserved 15744K
}
Event: 3222.855 GC heap before
{Heap before GC invocations=180 (full 4):
 def new generation   total 33600K, used 31899K [0x05400000, 0x07870000, 0x0a950000)
  eden space 29888K, 100% used [0x05400000, 0x07130000, 0x07130000)
  from space 3712K,  54% used [0x07130000, 0x07326db0, 0x074d0000)
  to   space 3712K,   0% used [0x074d0000, 0x074d0000, 0x07870000)
 tenured generation   total 74472K, used 64020K [0x0a950000, 0x0f20a000, 0x15400000)
   the space 74472K,  85% used [0x0a950000, 0x0e7d5290, 0x0e7d5400, 0x0f20a000)
 Metaspace       used 13798K, capacity 15327K, committed 15360K, reserved 15744K
Event: 3222.860 GC heap after
Heap after GC invocations=181 (full 4):
 def new generation   total 33600K, used 2186K [0x05400000, 0x07870000, 0x0a950000)
  eden space 29888K,   0% used [0x05400000, 0x05400000, 0x07130000)
  from space 3712K,  58% used [0x074d0000, 0x076f2970, 0x07870000)
  to   space 3712K,   0% used [0x07130000, 0x07130000, 0x074d0000)
 tenured generation   total 74472K, used 64964K [0x0a950000, 0x0f20a000, 0x15400000)
   the space 74472K,  87% used [0x0a950000, 0x0e8c1368, 0x0e8c1400, 0x0f20a000)
 Metaspace       used 13798K, capacity 15327K, committed 15360K, reserved 15744K
}
Event: 3235.214 GC heap before
{Heap before GC invocations=181 (full 4):
 def new generation   total 33600K, used 32074K [0x05400000, 0x07870000, 0x0a950000)
  eden space 29888K, 100% used [0x05400000, 0x07130000, 0x07130000)
  from space 3712K,  58% used [0x074d0000, 0x076f2970, 0x07870000)
  to   space 3712K,   0% used [0x07130000, 0x07130000, 0x074d0000)
 tenured generation   total 74472K, used 64964K [0x0a950000, 0x0f20a000, 0x15400000)
   the space 74472K,  87% used [0x0a950000, 0x0e8c1368, 0x0e8c1400, 0x0f20a000)
 Metaspace       used 13798K, capacity 15327K, committed 15360K, reserved 15744K
Event: 3235.218 GC heap after
Heap after GC invocations=182 (full 4):
 def new generation   total 33600K, used 2735K [0x05400000, 0x07870000, 0x0a950000)
  eden space 29888K,   0% used [0x05400000, 0x05400000, 0x07130000)
  from space 3712K,  73% used [0x07130000, 0x073dbf10, 0x074d0000)
  to   space 3712K,   0% used [0x074d0000, 0x074d0000, 0x07870000)
 tenured generation   total 74472K, used 64966K [0x0a950000, 0x0f20a000, 0x15400000)
   the space 74472K,  87% used [0x0a950000, 0x0e8c1b48, 0x0e8c1c00, 0x0f20a000)
 Metaspace       used 13798K, capacity 15327K, committed 15360K, reserved 15744K
}

