# JRE version: Java(TM) SE Runtime Environment (8.0_65-b17) (build 1.8.0_65-b17)
# Java VM: Java HotSpot(TM) Client VM (25.65-b01 mixed mode windows-x86 )
Heap:
 def new generation   total 34624K, used 27246K [0x04e00000, 0x07390000, 0x0a350000)
  eden space 30784K,  84% used [0x04e00000, 0x0676d7a8, 0x06c10000)
  from space 3840K,  31% used [0x06c10000, 0x06d3e3f8, 0x06fd0000)
  to   space 3840K,   0% used [0x06fd0000, 0x06fd0000, 0x07390000)
 tenured generation   total 76892K, used 69917K [0x0a350000, 0x0ee67000, 0x14e00000)
   the space 76892K,  90% used [0x0a350000, 0x0e797748, 0x0e797800, 0x0ee67000)
 Metaspace       used 11050K, capacity 12062K, committed 12544K, reserved 12672K
GC Heap History (10 events):
Event: 4529.884 GC heap before
{Heap before GC invocations=1327 (full 7):
 def new generation   total 34624K, used 34624K [0x04e00000, 0x07390000, 0x0a350000)
  eden space 30784K, 100% used [0x04e00000, 0x06c10000, 0x06c10000)
  from space 3840K, 100% used [0x06fd0000, 0x07390000, 0x07390000)
  to   space 3840K,   0% used [0x06c10000, 0x06c10000, 0x06fd0000)
 tenured generation   total 76892K, used 67040K [0x0a350000, 0x0ee67000, 0x14e00000)
   the space 76892K,  87% used [0x0a350000, 0x0e4c80e8, 0x0e4c8200, 0x0ee67000)
 Metaspace       used 11028K, capacity 12022K, committed 12416K, reserved 12672K
Event: 4529.896 GC heap after
Heap after GC invocations=1328 (full 7):
 def new generation   total 34624K, used 3840K [0x04e00000, 0x07390000, 0x0a350000)
  eden space 30784K,   0% used [0x04e00000, 0x04e00000, 0x06c10000)
  from space 3840K, 100% used [0x06c10000, 0x06fd0000, 0x06fd0000)
  to   space 3840K,   0% used [0x06fd0000, 0x06fd0000, 0x07390000)
 tenured generation   total 76892K, used 69676K [0x0a350000, 0x0ee67000, 0x14e00000)
   the space 76892K,  90% used [0x0a350000, 0x0e75b0a8, 0x0e75b200, 0x0ee67000)
 Metaspace       used 11028K, capacity 12022K, committed 12416K, reserved 12672K
}
Event: 4538.151 GC heap before
{Heap before GC invocations=1328 (full 7):
 def new generation   total 34624K, used 34624K [0x04e00000, 0x07390000, 0x0a350000)
  eden space 30784K, 100% used [0x04e00000, 0x06c10000, 0x06c10000)
  from space 3840K, 100% used [0x06c10000, 0x06fd0000, 0x06fd0000)
  to   space 3840K,   0% used [0x06fd0000, 0x06fd0000, 0x07390000)
 tenured generation   total 76892K, used 69676K [0x0a350000, 0x0ee67000, 0x14e00000)
   the space 76892K,  90% used [0x0a350000, 0x0e75b0a8, 0x0e75b200, 0x0ee67000)
 Metaspace       used 11030K, capacity 12027K, committed 12416K, reserved 12672K
Event: 4538.154 GC heap after
Heap after GC invocations=1329 (full 7):
 def new generation   total 34624K, used 1257K [0x04e00000, 0x07390000, 0x0a350000)
  eden space 30784K,   0% used [0x04e00000, 0x04e00000, 0x06c10000)
  from space 3840K,  32% used [0x06fd0000, 0x0710a568, 0x07390000)
  to   space 3840K,   0% used [0x06c10000, 0x06c10000, 0x06fd0000)
 tenured generation   total 76892K, used 69831K [0x0a350000, 0x0ee67000, 0x14e00000)
   the space 76892K,  90% used [0x0a350000, 0x0e781cb0, 0x0e781e00, 0x0ee67000)
 Metaspace       used 11030K, capacity 12027K, committed 12416K, reserved 12672K
}
Event: 4552.833 GC heap before
{Heap before GC invocations=1329 (full 7):
 def new generation   total 34624K, used 32041K [0x04e00000, 0x07390000, 0x0a350000)
  eden space 30784K, 100% used [0x04e00000, 0x06c10000, 0x06c10000)
  from space 3840K,  32% used [0x06fd0000, 0x0710a568, 0x07390000)
  to   space 3840K,   0% used [0x06c10000, 0x06c10000, 0x06fd0000)
 tenured generation   total 76892K, used 69831K [0x0a350000, 0x0ee67000, 0x14e00000)
   the space 76892K,  90% used [0x0a350000, 0x0e781cb0, 0x0e781e00, 0x0ee67000)
 Metaspace       used 11030K, capacity 12027K, committed 12416K, reserved 12672K
Event: 4552.838 GC heap after
Heap after GC invocations=1330 (full 7):
 def new generation   total 34624K, used 2357K [0x04e00000, 0x07390000, 0x0a350000)
  eden space 30784K,   0% used [0x04e00000, 0x04e00000, 0x06c10000)
  from space 3840K,  61% used [0x06c10000, 0x06e5d4f0, 0x06fd0000)
  to   space 3840K,   0% used [0x06fd0000, 0x06fd0000, 0x07390000)
 tenured generation   total 76892K, used 69831K [0x0a350000, 0x0ee67000, 0x14e00000)
   the space 76892K,  90% used [0x0a350000, 0x0e781cb0, 0x0e781e00, 0x0ee67000)
 Metaspace       used 11030K, capacity 12027K, committed 12416K, reserved 12672K
}
Event: 4566.152 GC heap before
{Heap before GC invocations=1330 (full 7):
 def new generation   total 34624K, used 33141K [0x04e00000, 0x07390000, 0x0a350000)
  eden space 30784K, 100% used [0x04e00000, 0x06c10000, 0x06c10000)
  from space 3840K,  61% used [0x06c10000, 0x06e5d4f0, 0x06fd0000)
  to   space 3840K,   0% used [0x06fd0000, 0x06fd0000, 0x07390000)
 tenured generation   total 76892K, used 69831K [0x0a350000, 0x0ee67000, 0x14e00000)
   the space 76892K,  90% used [0x0a350000, 0x0e781cb0, 0x0e781e00, 0x0ee67000)
 Metaspace       used 11031K, capacity 12030K, committed 12416K, reserved 12672K
Event: 4566.157 GC heap after
Heap after GC invocations=1331 (full 7):
 def new generation   total 34624K, used 2098K [0x04e00000, 0x07390000, 0x0a350000)
  eden space 30784K,   0% used [0x04e00000, 0x04e00000, 0x06c10000)
  from space 3840K,  54% used [0x06fd0000, 0x071dc970, 0x07390000)
  to   space 3840K,   0% used [0x06c10000, 0x06c10000, 0x06fd0000)
 tenured generation   total 76892K, used 69916K [0x0a350000, 0x0ee67000, 0x14e00000)
   the space 76892K,  90% used [0x0a350000, 0x0e797390, 0x0e797400, 0x0ee67000)
 Metaspace       used 11031K, capacity 12030K, committed 12416K, reserved 12672K
}
Event: 4573.396 GC heap before
{Heap before GC invocations=1331 (full 7):
 def new generation   total 34624K, used 32882K [0x04e00000, 0x07390000, 0x0a350000)
  eden space 30784K, 100% used [0x04e00000, 0x06c10000, 0x06c10000)
  from space 3840K,  54% used [0x06fd0000, 0x071dc970, 0x07390000)
  to   space 3840K,   0% used [0x06c10000, 0x06c10000, 0x06fd0000)
 tenured generation   total 76892K, used 69916K [0x0a350000, 0x0ee67000, 0x14e00000)
   the space 76892K,  90% used [0x0a350000, 0x0e797390, 0x0e797400, 0x0ee67000)
 Metaspace       used 11031K, capacity 12030K, committed 12416K, reserved 12672K
Event: 4573.400 GC heap after
Heap after GC invocations=1332 (full 7):
 def new generation   total 34624K, used 1208K [0x04e00000, 0x07390000, 0x0a350000)
  eden space 30784K,   0% used [0x04e00000, 0x04e00000, 0x06c10000)
  from space 3840K,  31% used [0x06c10000, 0x06d3e3f8, 0x06fd0000)
  to   space 3840K,   0% used [0x06fd0000, 0x06fd0000, 0x07390000)
 tenured generation   total 76892K, used 69917K [0x0a350000, 0x0ee67000, 0x14e00000)
   the space 76892K,  90% used [0x0a350000, 0x0e797748, 0x0e797800, 0x0ee67000)
 Metaspace       used 11031K, capacity 12030K, committed 12416K, reserved 12672K
}

