# JRE version: Java(TM) SE Runtime Environment (8.0_65-b17) (build 1.8.0_65-b17)
# Java VM: Java HotSpot(TM) Client VM (25.65-b01 mixed mode windows-x86 )
Heap:
 def new generation   total 36224K, used 15686K [0x0f200000, 0x11940000, 0x14750000)
  eden space 32256K,  40% used [0x0f200000, 0x0fea53d0, 0x11180000)
  from space 3968K,  68% used [0x11180000, 0x1142c5a0, 0x11560000)
  to   space 3968K,   0% used [0x11560000, 0x11560000, 0x11940000)
 tenured generation   total 80316K, used 48248K [0x14750000, 0x195bf000, 0x1f200000)
   the space 80316K,  60% used [0x14750000, 0x1766e310, 0x1766e400, 0x195bf000)
 Metaspace       used 10983K, capacity 11988K, committed 12160K, reserved 12672K
Heap after GC invocations=269 (full 10):
 def new generation   total 35712K, used 3904K [0x0f200000, 0x118b0000, 0x14750000)
  eden space 31808K,   0% used [0x0f200000, 0x0f200000, 0x11110000)
  from space 3904K, 100% used [0x11110000, 0x114e0000, 0x114e0000)
  to   space 3904K,   0% used [0x114e0000, 0x114e0000, 0x118b0000)
 tenured generation   total 79092K, used 73432K [0x14750000, 0x1948d000, 0x1f200000)
   the space 79092K,  92% used [0x14750000, 0x18f06268, 0x18f06400, 0x1948d000)
 Metaspace       used 11046K, capacity 12093K, committed 12160K, reserved 12672K
Heap after GC invocations=270 (full 10):
 def new generation   total 35712K, used 3904K [0x0f200000, 0x118b0000, 0x14750000)
  eden space 31808K,   0% used [0x0f200000, 0x0f200000, 0x11110000)
  from space 3904K, 100% used [0x114e0000, 0x118b0000, 0x118b0000)
  to   space 3904K,   0% used [0x11110000, 0x11110000, 0x114e0000)
 tenured generation   total 79092K, used 77596K [0x14750000, 0x1948d000, 0x1f200000)
   the space 79092K,  98% used [0x14750000, 0x193172d8, 0x19317400, 0x1948d000)
 Metaspace       used 11046K, capacity 12093K, committed 12160K, reserved 12672K
Heap after GC invocations=271 (full 11):
 def new generation   total 36224K, used 0K [0x0f200000, 0x11940000, 0x14750000)
  eden space 32256K,   0% used [0x0f200000, 0x0f200000, 0x11180000)
  from space 3968K,   0% used [0x11180000, 0x11180000, 0x11560000)
  to   space 3968K,   0% used [0x11560000, 0x11560000, 0x11940000)
 tenured generation   total 80316K, used 48187K [0x14750000, 0x195bf000, 0x1f200000)
   the space 80316K,  59% used [0x14750000, 0x1765ef48, 0x1765f000, 0x195bf000)
 Metaspace       used 10968K, capacity 11925K, committed 12160K, reserved 12672K
Heap after GC invocations=272 (full 11):
 def new generation   total 36224K, used 3338K [0x0f200000, 0x11940000, 0x14750000)
  eden space 32256K,   0% used [0x0f200000, 0x0f200000, 0x11180000)
  from space 3968K,  84% used [0x11560000, 0x118a2948, 0x11940000)
  to   space 3968K,   0% used [0x11180000, 0x11180000, 0x11560000)
 tenured generation   total 80316K, used 48187K [0x14750000, 0x195bf000, 0x1f200000)
   the space 80316K,  59% used [0x14750000, 0x1765ef48, 0x1765f000, 0x195bf000)
 Metaspace       used 10980K, capacity 11956K, committed 12160K, reserved 12672K
Heap after GC invocations=273 (full 11):
 def new generation   total 36224K, used 2737K [0x0f200000, 0x11940000, 0x14750000)
  eden space 32256K,   0% used [0x0f200000, 0x0f200000, 0x11180000)
  from space 3968K,  68% used [0x11180000, 0x1142c5a0, 0x11560000)
  to   space 3968K,   0% used [0x11560000, 0x11560000, 0x11940000)
 tenured generation   total 80316K, used 48248K [0x14750000, 0x195bf000, 0x1f200000)
   the space 80316K,  60% used [0x14750000, 0x1766e310, 0x1766e400, 0x195bf000)
 Metaspace       used 10980K, capacity 11956K, committed 12160K, reserved 12672K
