# JRE version: Java(TM) SE Runtime Environment (8.0_65-b17) (build 1.8.0_65-b17)
# Java VM: Java HotSpot(TM) Client VM (25.65-b01 mixed mode, sharing windows-x86 )
Heap:
 def new generation   total 40192K, used 6423K [0x04800000, 0x07390000, 0x09d50000)
  eden space 35776K,   7% used [0x04800000, 0x04abdda8, 0x06af0000)
  from space 4416K,  81% used [0x06af0000, 0x06e781d0, 0x06f40000)
  to   space 4416K,   0% used [0x06f40000, 0x06f40000, 0x07390000)
 tenured generation   total 89152K, used 77064K [0x09d50000, 0x0f460000, 0x14800000)
   the space 89152K,  86% used [0x09d50000, 0x0e892170, 0x0e892200, 0x0f460000)
 Metaspace       used 5660K, capacity 7154K, committed 7552K, reserved 7552K
GC Heap History (10 events):
Event: 23805.170 GC heap before
{Heap before GC invocations=4453 (full 73):
 def new generation   total 40192K, used 38933K [0x04800000, 0x07390000, 0x09d50000)
  eden space 35776K, 100% used [0x04800000, 0x06af0000, 0x06af0000)
  from space 4416K,  71% used [0x06f40000, 0x07255570, 0x07390000)
  to   space 4416K,   0% used [0x06af0000, 0x06af0000, 0x06f40000)
 tenured generation   total 89152K, used 76510K [0x09d50000, 0x0f460000, 0x14800000)
   the space 89152K,  85% used [0x09d50000, 0x0e807af8, 0x0e807c00, 0x0f460000)
 Metaspace       used 5638K, capacity 7149K, committed 7552K, reserved 7552K
Event: 23805.178 GC heap after
Heap after GC invocations=4454 (full 73):
 def new generation   total 40192K, used 3489K [0x04800000, 0x07390000, 0x09d50000)
  eden space 35776K,   0% used [0x04800000, 0x04800000, 0x06af0000)
  from space 4416K,  79% used [0x06af0000, 0x06e58788, 0x06f40000)
  to   space 4416K,   0% used [0x06f40000, 0x06f40000, 0x07390000)
 tenured generation   total 89152K, used 76698K [0x09d50000, 0x0f460000, 0x14800000)
   the space 89152K,  86% used [0x09d50000, 0x0e836958, 0x0e836a00, 0x0f460000)
 Metaspace       used 5638K, capacity 7149K, committed 7552K, reserved 7552K
}
Event: 23807.296 GC heap before
{Heap before GC invocations=4454 (full 73):
 def new generation   total 40192K, used 39265K [0x04800000, 0x07390000, 0x09d50000)
  eden space 35776K, 100% used [0x04800000, 0x06af0000, 0x06af0000)
  from space 4416K,  79% used [0x06af0000, 0x06e58788, 0x06f40000)
  to   space 4416K,   0% used [0x06f40000, 0x06f40000, 0x07390000)
 tenured generation   total 89152K, used 76698K [0x09d50000, 0x0f460000, 0x14800000)
   the space 89152K,  86% used [0x09d50000, 0x0e836958, 0x0e836a00, 0x0f460000)
 Metaspace       used 5639K, capacity 7154K, committed 7552K, reserved 7552K
Event: 23807.305 GC heap after
Heap after GC invocations=4455 (full 73):
 def new generation   total 40192K, used 4238K [0x04800000, 0x07390000, 0x09d50000)
  eden space 35776K,   0% used [0x04800000, 0x04800000, 0x06af0000)
  from space 4416K,  95% used [0x06f40000, 0x073639c8, 0x07390000)
  to   space 4416K,   0% used [0x06af0000, 0x06af0000, 0x06f40000)
 tenured generation   total 89152K, used 76791K [0x09d50000, 0x0f460000, 0x14800000)
   the space 89152K,  86% used [0x09d50000, 0x0e84dca8, 0x0e84de00, 0x0f460000)
 Metaspace       used 5639K, capacity 7154K, committed 7552K, reserved 7552K
}
Event: 23809.508 GC heap before
{Heap before GC invocations=4455 (full 73):
 def new generation   total 40192K, used 40014K [0x04800000, 0x07390000, 0x09d50000)
  eden space 35776K, 100% used [0x04800000, 0x06af0000, 0x06af0000)
  from space 4416K,  95% used [0x06f40000, 0x073639c8, 0x07390000)
  to   space 4416K,   0% used [0x06af0000, 0x06af0000, 0x06f40000)
 tenured generation   total 89152K, used 76791K [0x09d50000, 0x0f460000, 0x14800000)
   the space 89152K,  86% used [0x09d50000, 0x0e84dca8, 0x0e84de00, 0x0f460000)
 Metaspace       used 5639K, capacity 7154K, committed 7552K, reserved 7552K
Event: 23809.518 GC heap after
Heap after GC invocations=4456 (full 73):
 def new generation   total 40192K, used 4312K [0x04800000, 0x07390000, 0x09d50000)
  eden space 35776K,   0% used [0x04800000, 0x04800000, 0x06af0000)
  from space 4416K,  97% used [0x06af0000, 0x06f26358, 0x06f40000)
  to   space 4416K,   0% used [0x06f40000, 0x06f40000, 0x07390000)
 tenured generation   total 89152K, used 76930K [0x09d50000, 0x0f460000, 0x14800000)
   the space 89152K,  86% used [0x09d50000, 0x0e870a88, 0x0e870c00, 0x0f460000)
 Metaspace       used 5639K, capacity 7154K, committed 7552K, reserved 7552K
}
Event: 23811.693 GC heap before
{Heap before GC invocations=4456 (full 73):
 def new generation   total 40192K, used 40088K [0x04800000, 0x07390000, 0x09d50000)
  eden space 35776K, 100% used [0x04800000, 0x06af0000, 0x06af0000)
  from space 4416K,  97% used [0x06af0000, 0x06f26358, 0x06f40000)
  to   space 4416K,   0% used [0x06f40000, 0x06f40000, 0x07390000)
 tenured generation   total 89152K, used 76930K [0x09d50000, 0x0f460000, 0x14800000)
   the space 89152K,  86% used [0x09d50000, 0x0e870a88, 0x0e870c00, 0x0f460000)
 Metaspace       used 5639K, capacity 7154K, committed 7552K, reserved 7552K
Event: 23811.706 GC heap after
Heap after GC invocations=4457 (full 73):
 def new generation   total 40192K, used 4264K [0x04800000, 0x07390000, 0x09d50000)
  eden space 35776K,   0% used [0x04800000, 0x04800000, 0x06af0000)
  from space 4416K,  96% used [0x06f40000, 0x0736a380, 0x07390000)
  to   space 4416K,   0% used [0x06af0000, 0x06af0000, 0x06f40000)
 tenured generation   total 89152K, used 76976K [0x09d50000, 0x0f460000, 0x14800000)
   the space 89152K,  86% used [0x09d50000, 0x0e87c2e0, 0x0e87c400, 0x0f460000)
 Metaspace       used 5639K, capacity 7154K, committed 7552K, reserved 7552K
}
Event: 23813.505 GC heap before
{Heap before GC invocations=4457 (full 73):
 def new generation   total 40192K, used 40040K [0x04800000, 0x07390000, 0x09d50000)
  eden space 35776K, 100% used [0x04800000, 0x06af0000, 0x06af0000)
  from space 4416K,  96% used [0x06f40000, 0x0736a380, 0x07390000)
  to   space 4416K,   0% used [0x06af0000, 0x06af0000, 0x06f40000)
 tenured generation   total 89152K, used 76976K [0x09d50000, 0x0f460000, 0x14800000)
   the space 89152K,  86% used [0x09d50000, 0x0e87c2e0, 0x0e87c400, 0x0f460000)
 Metaspace       used 5639K, capacity 7154K, committed 7552K, reserved 7552K
Event: 23813.517 GC heap after
Heap after GC invocations=4458 (full 73):
 def new generation   total 40192K, used 3616K [0x04800000, 0x07390000, 0x09d50000)
  eden space 35776K,   0% used [0x04800000, 0x04800000, 0x06af0000)
  from space 4416K,  81% used [0x06af0000, 0x06e781d0, 0x06f40000)
  to   space 4416K,   0% used [0x06f40000, 0x06f40000, 0x07390000)
 tenured generation   total 89152K, used 77064K [0x09d50000, 0x0f460000, 0x14800000)
   the space 89152K,  86% used [0x09d50000, 0x0e892170, 0x0e892200, 0x0f460000)
 Metaspace       used 5639K, capacity 7154K, committed 7552K, reserved 7552K
}

